<?xml version="1.0" encoding="UTF-8"?>
<!-- Generated by org.testng.reporters.JUnitXMLReporter -->
<testsuite hostname="DESKTOP-13H8MS9" ignored="4" name="Automation framework" tests="5" failures="0" timestamp="2021-05-30T22:19:59 IST" time="202.487" errors="0">
  <testcase name="login" time="6.588" classname="com.DL.testCases.TC_001_LoginToDL"/>
  <testcase name="createProject" time="31.776" classname="com.DL.testCases.TC_002_CreateProject"/>
  <testcase name="createShoppingitem" time="43.539" classname="com.DL.testCases.TC_004_CreateShoppingList"/>
  <testcase name="createItemRoom" time="36.111" classname="com.DL.testCases.TC_005_CreateItemRoom"/>
  <testcase name="createItemLib" time="67.278" classname="com.DL.testCases.TC_006_AddLibraryItem"/>
  <testcase name="@BeforeTest setup" time="0.0" classname="com.DL.pageObjects.BaseClass">
    <ignored/>
  </testcase> <!-- @BeforeTest setup -->
  <testcase name="@BeforeTest setup" time="0.0" classname="com.DL.pageObjects.BaseClass">
    <ignored/>
  </testcase> <!-- @BeforeTest setup -->
  <testcase name="@BeforeTest setup" time="0.0" classname="com.DL.pageObjects.BaseClass">
    <ignored/>
  </testcase> <!-- @BeforeTest setup -->
  <testcase name="@BeforeTest setup" time="0.0" classname="com.DL.pageObjects.BaseClass">
    <ignored/>
  </testcase> <!-- @BeforeTest setup -->
</testsuite> <!-- Automation framework -->
