<?xml version="1.0" encoding="UTF-8"?>
<!-- Generated by org.testng.reporters.JUnitXMLReporter -->
<testsuite hostname="DESKTOP-13H8MS9" ignored="1" name="Automation framework" tests="2" failures="0" timestamp="2021-04-06T20:16:04 IST" time="48.579" errors="0">
  <testcase name="login" time="6.486" classname="com.DL.testCases.TC_001_LoginToDL"/>
  <testcase name="createProject" time="29.515" classname="com.DL.testCases.TC_002_CreateProject"/>
  <testcase name="@BeforeTest setup" time="0.0" classname="com.DL.pageObjects.BaseClass">
    <ignored/>
  </testcase> <!-- @BeforeTest setup -->
</testsuite> <!-- Automation framework -->
